C:\Users\ASUS VIVOBOOK\Documents\Synmed_bot\bot.py:80: PTBUserWarning: If 'per_message=False', 'CallbackQueryHandler' will not be tracked for every message. Read this FAQ entry to learn more about the per_* settings: https://github.com/python-telegram-bot/python-telegram-bot/wiki/Frequently-Asked-Questions#what-do-the-per_-settings-in-conversationhandler-do.
  rating_flow = ConversationHandler(
INFO:root:\U0001fa7a SynMed Bot running...
INFO:httpx:HTTP Request: POST https://api.telegram.org/bot8298202316:AAG-rDWRrhFT7iu7HBN3QrTYeJ7V38dvDis/getMe "HTTP/1.1 200 OK"
INFO:httpx:HTTP Request: POST https://api.telegram.org/bot8298202316:AAG-rDWRrhFT7iu7HBN3QrTYeJ7V38dvDis/deleteWebhook "HTTP/1.1 200 OK"
INFO:telegram.ext.Application:Application started
INFO:httpx:HTTP Request: POST https://api.telegram.org/bot8298202316:AAG-rDWRrhFT7iu7HBN3QrTYeJ7V38dvDis/getUpdates "HTTP/1.1 409 Conflict"
ERROR:root:\u274c Unhandled error: Conflict('Conflict: terminated by other getUpdates request; make sure that only one bot instance is running')
INFO:httpx:HTTP Request: POST https://api.telegram.org/bot8298202316:AAG-rDWRrhFT7iu7HBN3QrTYeJ7V38dvDis/getUpdates "HTTP/1.1 409 Conflict"
ERROR:root:\u274c Unhandled error: Conflict('Conflict: terminated by other getUpdates request; make sure that only one bot instance is running')
INFO:httpx:HTTP Request: POST https://api.telegram.org/bot8298202316:AAG-rDWRrhFT7iu7HBN3QrTYeJ7V38dvDis/getUpdates "HTTP/1.1 409 Conflict"
ERROR:root:\u274c Unhandled error: Conflict('Conflict: terminated by other getUpdates request; make sure that only one bot instance is running')
INFO:httpx:HTTP Request: POST https://api.telegram.org/bot8298202316:AAG-rDWRrhFT7iu7HBN3QrTYeJ7V38dvDis/getUpdates "HTTP/1.1 409 Conflict"
ERROR:root:\u274c Unhandled error: Conflict('Conflict: terminated by other getUpdates request; make sure that only one bot instance is running')
INFO:httpx:HTTP Request: POST https://api.telegram.org/bot8298202316:AAG-rDWRrhFT7iu7HBN3QrTYeJ7V38dvDis/getUpdates "HTTP/1.1 409 Conflict"
ERROR:root:\u274c Unhandled error: Conflict('Conflict: terminated by other getUpdates request; make sure that only one bot instance is running')
INFO:httpx:HTTP Request: POST https://api.telegram.org/bot8298202316:AAG-rDWRrhFT7iu7HBN3QrTYeJ7V38dvDis/getUpdates "HTTP/1.1 409 Conflict"
ERROR:root:\u274c Unhandled error: Conflict('Conflict: terminated by other getUpdates request; make sure that only one bot instance is running')
INFO:httpx:HTTP Request: POST https://api.telegram.org/bot8298202316:AAG-rDWRrhFT7iu7HBN3QrTYeJ7V38dvDis/getUpdates "HTTP/1.1 409 Conflict"
ERROR:root:\u274c Unhandled error: Conflict('Conflict: terminated by other getUpdates request; make sure that only one bot instance is running')
INFO:httpx:HTTP Request: POST https://api.telegram.org/bot8298202316:AAG-rDWRrhFT7iu7HBN3QrTYeJ7V38dvDis/getUpdates "HTTP/1.1 409 Conflict"
ERROR:root:\u274c Unhandled error: Conflict('Conflict: terminated by other getUpdates request; make sure that only one bot instance is running')
INFO:httpx:HTTP Request: POST https://api.telegram.org/bot8298202316:AAG-rDWRrhFT7iu7HBN3QrTYeJ7V38dvDis/getUpdates "HTTP/1.1 409 Conflict"
ERROR:root:\u274c Unhandled error: Conflict('Conflict: terminated by other getUpdates request; make sure that only one bot instance is running')
INFO:httpx:HTTP Request: POST https://api.telegram.org/bot8298202316:AAG-rDWRrhFT7iu7HBN3QrTYeJ7V38dvDis/getUpdates "HTTP/1.1 401 Unauthorized"
ERROR:telegram.ext:Network Retry Loop (Polling Updates): Invalid token. Aborting retry loop.
Traceback (most recent call last):
  File "C:\Users\ASUS VIVOBOOK\Documents\Synmed_bot\venv\Lib\site-packages\telegram\ext\_utils\networkloop.py", line 161, in network_retry_loop
    await do_action()
  File "C:\Users\ASUS VIVOBOOK\Documents\Synmed_bot\venv\Lib\site-packages\telegram\ext\_utils\networkloop.py", line 154, in do_action
    action_cb_task.result()
    ~~~~~~~~~~~~~~~~~~~~~^^
  File "C:\Users\ASUS VIVOBOOK\Documents\Synmed_bot\venv\Lib\site-packages\telegram\ext\_updater.py", line 340, in polling_action_cb
    updates = await self.bot.get_updates(
              ^^^^^^^^^^^^^^^^^^^^^^^^^^^
    ...<3 lines>...
    )
    ^
  File "C:\Users\ASUS VIVOBOOK\Documents\Synmed_bot\venv\Lib\site-packages\telegram\ext\_extbot.py", line 672, in get_updates
    updates = await super().get_updates(
              ^^^^^^^^^^^^^^^^^^^^^^^^^^
    ...<9 lines>...
    )
    ^
  File "C:\Users\ASUS VIVOBOOK\Documents\Synmed_bot\venv\Lib\site-packages\telegram\_bot.py", line 4865, in get_updates
    await self._post(
    ^^^^^^^^^^^^^^^^^
    ...<7 lines>...
    ),
    ^
  File "C:\Users\ASUS VIVOBOOK\Documents\Synmed_bot\venv\Lib\site-packages\telegram\_bot.py", line 704, in _post
    return await self._do_post(
           ^^^^^^^^^^^^^^^^^^^^
    ...<6 lines>...
    )
    ^
  File "C:\Users\ASUS VIVOBOOK\Documents\Synmed_bot\venv\Lib\site-packages\telegram\ext\_extbot.py", line 370, in _do_post
    return await super()._do_post(
           ^^^^^^^^^^^^^^^^^^^^^^^
    ...<6 lines>...
    )
    ^
  File "C:\Users\ASUS VIVOBOOK\Documents\Synmed_bot\venv\Lib\site-packages\telegram\_bot.py", line 733, in _do_post
    result = await request.post(
             ^^^^^^^^^^^^^^^^^^^
    ...<6 lines>...
    )
    ^
  File "C:\Users\ASUS VIVOBOOK\Documents\Synmed_bot\venv\Lib\site-packages\telegram\request\_baserequest.py", line 198, in post
    result = await self._request_wrapper(
             ^^^^^^^^^^^^^^^^^^^^^^^^^^^^
    ...<7 lines>...
    )
    ^
  File "C:\Users\ASUS VIVOBOOK\Documents\Synmed_bot\venv\Lib\site-packages\telegram\request\_baserequest.py", line 375, in _request_wrapper
    raise exception
telegram.error.InvalidToken: Unauthorized
